2022-03-03 16:59:20,306 INFO (StartupInfoLogger.java:55)- Starting TeachingManagementSystemApplicationTests using Java 1.8.0_181 on LAPTOP-7O89U4ED with PID 48392 (started by lenovo001 in D:\idea_space\后端源码（开发版）\trunk\Teaching-Management-System)
2022-03-03 16:59:20,309 INFO (SpringApplication.java:637)- No active profile set, falling back to default profiles: default
2022-03-03 16:59:21,902 WARN (Logger.java:44)- Skipping MapperFactoryBean with name 'courseDao' and 'com.hafu.edu.teachingmanagementsystem.dao.CourseDao' mapperInterface. Bean already defined with the same name!
2022-03-03 16:59:21,903 WARN (Logger.java:44)- Skipping MapperFactoryBean with name 'courseinformationDao' and 'com.hafu.edu.teachingmanagementsystem.dao.CourseinformationDao' mapperInterface. Bean already defined with the same name!
2022-03-03 16:59:21,903 WARN (Logger.java:44)- Skipping MapperFactoryBean with name 'documentDao' and 'com.hafu.edu.teachingmanagementsystem.dao.DocumentDao' mapperInterface. Bean already defined with the same name!
2022-03-03 16:59:21,903 WARN (Logger.java:44)- Skipping MapperFactoryBean with name 'organizationDao' and 'com.hafu.edu.teachingmanagementsystem.dao.OrganizationDao' mapperInterface. Bean already defined with the same name!
2022-03-03 16:59:21,904 WARN (Logger.java:44)- Skipping MapperFactoryBean with name 'permissionDao' and 'com.hafu.edu.teachingmanagementsystem.dao.PermissionDao' mapperInterface. Bean already defined with the same name!
2022-03-03 16:59:21,904 WARN (Logger.java:44)- Skipping MapperFactoryBean with name 'prizeDao' and 'com.hafu.edu.teachingmanagementsystem.dao.PrizeDao' mapperInterface. Bean already defined with the same name!
2022-03-03 16:59:21,904 WARN (Logger.java:44)- Skipping MapperFactoryBean with name 'userDao' and 'com.hafu.edu.teachingmanagementsystem.dao.UserDao' mapperInterface. Bean already defined with the same name!
2022-03-03 16:59:21,904 WARN (Logger.java:44)- Skipping MapperFactoryBean with name 'userImagesDao' and 'com.hafu.edu.teachingmanagementsystem.dao.UserImagesDao' mapperInterface. Bean already defined with the same name!
2022-03-03 16:59:21,905 WARN (Logger.java:44)- No MyBatis mapper was found in '[com.hafu.edu.teachingmanagementsystem.dao]' package. Please check your configuration.
2022-03-03 16:59:23,642 INFO (DefaultSecurityFilterChain.java:51)- Will secure any request with [org.springframework.security.web.context.request.async.WebAsyncManagerIntegrationFilter@24d61e4, org.springframework.security.web.context.SecurityContextPersistenceFilter@60d40ff4, org.springframework.security.web.header.HeaderWriterFilter@625a4ff, org.springframework.security.web.authentication.logout.LogoutFilter@11c3ff67, org.springframework.security.web.authentication.UsernamePasswordAuthenticationFilter@4fa822ad, org.springframework.security.web.savedrequest.RequestCacheAwareFilter@27755487, org.springframework.security.web.servletapi.SecurityContextHolderAwareRequestFilter@77681ce4, org.springframework.security.web.authentication.AnonymousAuthenticationFilter@2149594a, org.springframework.security.web.session.SessionManagementFilter@196ae579, org.springframework.security.web.access.ExceptionTranslationFilter@1507c3c3, org.springframework.security.web.access.intercept.FilterSecurityInterceptor@50f097b5]
2022-03-03 16:59:24,385 INFO (WelcomePageHandlerMapping.java:57)- Adding welcome page template: index
2022-03-03 16:59:24,842 INFO (StartupInfoLogger.java:61)- Started TeachingManagementSystemApplicationTests in 5.169 seconds (JVM running for 7.186)
2022-03-03 16:59:59,592 INFO (StartupInfoLogger.java:55)- Starting TeachingManagementSystemApplicationTests using Java 1.8.0_181 on LAPTOP-7O89U4ED with PID 50872 (started by lenovo001 in D:\idea_space\后端源码（开发版）\trunk\Teaching-Management-System)
2022-03-03 16:59:59,593 INFO (SpringApplication.java:637)- No active profile set, falling back to default profiles: default
2022-03-03 17:00:00,483 WARN (Logger.java:44)- Skipping MapperFactoryBean with name 'courseDao' and 'com.hafu.edu.teachingmanagementsystem.dao.CourseDao' mapperInterface. Bean already defined with the same name!
2022-03-03 17:00:00,484 WARN (Logger.java:44)- Skipping MapperFactoryBean with name 'courseinformationDao' and 'com.hafu.edu.teachingmanagementsystem.dao.CourseinformationDao' mapperInterface. Bean already defined with the same name!
2022-03-03 17:00:00,484 WARN (Logger.java:44)- Skipping MapperFactoryBean with name 'documentDao' and 'com.hafu.edu.teachingmanagementsystem.dao.DocumentDao' mapperInterface. Bean already defined with the same name!
2022-03-03 17:00:00,484 WARN (Logger.java:44)- Skipping MapperFactoryBean with name 'organizationDao' and 'com.hafu.edu.teachingmanagementsystem.dao.OrganizationDao' mapperInterface. Bean already defined with the same name!
2022-03-03 17:00:00,485 WARN (Logger.java:44)- Skipping MapperFactoryBean with name 'permissionDao' and 'com.hafu.edu.teachingmanagementsystem.dao.PermissionDao' mapperInterface. Bean already defined with the same name!
2022-03-03 17:00:00,485 WARN (Logger.java:44)- Skipping MapperFactoryBean with name 'prizeDao' and 'com.hafu.edu.teachingmanagementsystem.dao.PrizeDao' mapperInterface. Bean already defined with the same name!
2022-03-03 17:00:00,486 WARN (Logger.java:44)- Skipping MapperFactoryBean with name 'userDao' and 'com.hafu.edu.teachingmanagementsystem.dao.UserDao' mapperInterface. Bean already defined with the same name!
2022-03-03 17:00:00,486 WARN (Logger.java:44)- Skipping MapperFactoryBean with name 'userImagesDao' and 'com.hafu.edu.teachingmanagementsystem.dao.UserImagesDao' mapperInterface. Bean already defined with the same name!
2022-03-03 17:00:00,487 WARN (Logger.java:44)- No MyBatis mapper was found in '[com.hafu.edu.teachingmanagementsystem.dao]' package. Please check your configuration.
2022-03-03 17:00:02,334 INFO (DefaultSecurityFilterChain.java:51)- Will secure any request with [org.springframework.security.web.context.request.async.WebAsyncManagerIntegrationFilter@506a1372, org.springframework.security.web.context.SecurityContextPersistenceFilter@441b8382, org.springframework.security.web.header.HeaderWriterFilter@306f6f1d, org.springframework.security.web.authentication.logout.LogoutFilter@43fda8d9, org.springframework.security.web.authentication.UsernamePasswordAuthenticationFilter@2d5ef498, org.springframework.security.web.savedrequest.RequestCacheAwareFilter@5349b246, org.springframework.security.web.servletapi.SecurityContextHolderAwareRequestFilter@27fe9713, org.springframework.security.web.authentication.AnonymousAuthenticationFilter@1b7332a7, org.springframework.security.web.session.SessionManagementFilter@6fc6deb7, org.springframework.security.web.access.ExceptionTranslationFilter@41853299, org.springframework.security.web.access.intercept.FilterSecurityInterceptor@57f847af]
2022-03-03 17:00:02,842 INFO (WelcomePageHandlerMapping.java:57)- Adding welcome page template: index
2022-03-03 17:00:03,215 INFO (StartupInfoLogger.java:61)- Started TeachingManagementSystemApplicationTests in 4.036 seconds (JVM running for 5.462)
2022-03-03 17:02:35,277 INFO (StartupInfoLogger.java:55)- Starting TeachingManagementSystemApplicationTests using Java 1.8.0_181 on LAPTOP-7O89U4ED with PID 24096 (started by lenovo001 in D:\idea_space\后端源码（开发版）\trunk\Teaching-Management-System)
2022-03-03 17:02:35,279 INFO (SpringApplication.java:637)- No active profile set, falling back to default profiles: default
2022-03-03 17:02:36,191 WARN (Logger.java:44)- Skipping MapperFactoryBean with name 'courseDao' and 'com.hafu.edu.teachingmanagementsystem.dao.CourseDao' mapperInterface. Bean already defined with the same name!
2022-03-03 17:02:36,192 WARN (Logger.java:44)- Skipping MapperFactoryBean with name 'courseinformationDao' and 'com.hafu.edu.teachingmanagementsystem.dao.CourseinformationDao' mapperInterface. Bean already defined with the same name!
2022-03-03 17:02:36,192 WARN (Logger.java:44)- Skipping MapperFactoryBean with name 'documentDao' and 'com.hafu.edu.teachingmanagementsystem.dao.DocumentDao' mapperInterface. Bean already defined with the same name!
2022-03-03 17:02:36,192 WARN (Logger.java:44)- Skipping MapperFactoryBean with name 'organizationDao' and 'com.hafu.edu.teachingmanagementsystem.dao.OrganizationDao' mapperInterface. Bean already defined with the same name!
2022-03-03 17:02:36,192 WARN (Logger.java:44)- Skipping MapperFactoryBean with name 'permissionDao' and 'com.hafu.edu.teachingmanagementsystem.dao.PermissionDao' mapperInterface. Bean already defined with the same name!
2022-03-03 17:02:36,193 WARN (Logger.java:44)- Skipping MapperFactoryBean with name 'prizeDao' and 'com.hafu.edu.teachingmanagementsystem.dao.PrizeDao' mapperInterface. Bean already defined with the same name!
2022-03-03 17:02:36,193 WARN (Logger.java:44)- Skipping MapperFactoryBean with name 'userDao' and 'com.hafu.edu.teachingmanagementsystem.dao.UserDao' mapperInterface. Bean already defined with the same name!
2022-03-03 17:02:36,193 WARN (Logger.java:44)- Skipping MapperFactoryBean with name 'userImagesDao' and 'com.hafu.edu.teachingmanagementsystem.dao.UserImagesDao' mapperInterface. Bean already defined with the same name!
2022-03-03 17:02:36,193 WARN (Logger.java:44)- No MyBatis mapper was found in '[com.hafu.edu.teachingmanagementsystem.dao]' package. Please check your configuration.
2022-03-03 17:02:38,058 INFO (DefaultSecurityFilterChain.java:51)- Will secure any request with [org.springframework.security.web.context.request.async.WebAsyncManagerIntegrationFilter@2d5ef498, org.springframework.security.web.context.SecurityContextPersistenceFilter@5d96bdf8, org.springframework.security.web.header.HeaderWriterFilter@27755487, org.springframework.security.web.authentication.logout.LogoutFilter@7e7f3cfd, org.springframework.security.web.authentication.UsernamePasswordAuthenticationFilter@24d61e4, org.springframework.security.web.savedrequest.RequestCacheAwareFilter@306f6f1d, org.springframework.security.web.servletapi.SecurityContextHolderAwareRequestFilter@7da39774, org.springframework.security.web.authentication.AnonymousAuthenticationFilter@95eb320, org.springframework.security.web.session.SessionManagementFilter@fe7b6b0, org.springframework.security.web.access.ExceptionTranslationFilter@78e17a99, org.springframework.security.web.access.intercept.FilterSecurityInterceptor@6b6b3572]
2022-03-03 17:02:38,654 INFO (WelcomePageHandlerMapping.java:57)- Adding welcome page template: index
2022-03-03 17:02:39,055 INFO (StartupInfoLogger.java:61)- Started TeachingManagementSystemApplicationTests in 4.226 seconds (JVM running for 5.765)
